2020-12-02 22:02:02,262 INFO org.springframework.boot.StartupInfoLogger [restartedMain] Starting ScraperServiceApplication on Ujjavals-MBP.hsd1.ca.comcast.net with PID 46367 (/Users/ujjaval/WebstormProjects/scraper/scraper-eventsService/target/classes started by ujjaval in /Users/ujjaval/WebstormProjects/scraper/scraper-eventsService)
2020-12-02 22:02:02,264 INFO org.springframework.boot.SpringApplication [restartedMain] The following profiles are active: prod
2020-12-02 22:02:02,298 INFO org.springframework.boot.logging.DeferredLog [restartedMain] Devtools property defaults active! Set 'spring.devtools.add-properties' to 'false' to disable
2020-12-02 22:02:02,298 INFO org.springframework.boot.logging.DeferredLog [restartedMain] For additional web related logging consider setting the 'logging.level.web' property to 'DEBUG'
2020-12-02 22:02:02,996 INFO org.springframework.data.repository.config.RepositoryConfigurationDelegate [restartedMain] Bootstrapping Spring Data MongoDB repositories in DEFAULT mode.
2020-12-02 22:02:03,034 INFO org.springframework.data.repository.config.RepositoryConfigurationDelegate [restartedMain] Finished Spring Data repository scanning in 33ms. Found 1 MongoDB repository interfaces.
2020-12-02 22:02:03,388 INFO org.springframework.boot.web.embedded.tomcat.TomcatWebServer [restartedMain] Tomcat initialized with port(s): 8080 (http)
2020-12-02 22:02:03,395 INFO org.apache.juli.logging.DirectJDKLog [restartedMain] Initializing ProtocolHandler ["http-nio-8080"]
2020-12-02 22:02:03,396 INFO org.apache.juli.logging.DirectJDKLog [restartedMain] Starting eventsService [Tomcat]
2020-12-02 22:02:03,396 INFO org.apache.juli.logging.DirectJDKLog [restartedMain] Starting Servlet engine: [Apache Tomcat/9.0.35]
2020-12-02 22:02:03,450 INFO org.apache.juli.logging.DirectJDKLog [restartedMain] Initializing Spring embedded WebApplicationContext
2020-12-02 22:02:03,450 INFO org.springframework.boot.web.servlet.context.ServletWebServerApplicationContext [restartedMain] Root WebApplicationContext: initialization completed in 1151 ms
2020-12-02 22:02:03,648 INFO com.mongodb.diagnostics.logging.SLF4JLogger [restartedMain] Cluster created with settings {hosts=[127.0.0.1:27017], srvHost=cluster0.cnexa.mongodb.net, mode=MULTIPLE, requiredClusterType=REPLICA_SET, serverSelectionTimeout='30000 ms', requiredReplicaSetName='atlas-13sh2b-shard-0'}
2020-12-02 22:02:03,694 INFO com.mongodb.diagnostics.logging.SLF4JLogger [cluster-ClusterId{value='5fc87f5bd18a6e367357263e', description='null'}-srv-cluster0.cnexa.mongodb.net] Adding discovered server cluster0-shard-00-02.cnexa.mongodb.net:27017 to client view of cluster
2020-12-02 22:02:03,712 INFO com.mongodb.diagnostics.logging.SLF4JLogger [cluster-ClusterId{value='5fc87f5bd18a6e367357263e', description='null'}-srv-cluster0.cnexa.mongodb.net] Adding discovered server cluster0-shard-00-01.cnexa.mongodb.net:27017 to client view of cluster
2020-12-02 22:02:03,713 INFO com.mongodb.diagnostics.logging.SLF4JLogger [cluster-ClusterId{value='5fc87f5bd18a6e367357263e', description='null'}-srv-cluster0.cnexa.mongodb.net] Adding discovered server cluster0-shard-00-00.cnexa.mongodb.net:27017 to client view of cluster
2020-12-02 22:02:03,861 WARN org.springframework.boot.devtools.autoconfigure.OptionalLiveReloadServer [restartedMain] Unable to start LiveReload server
2020-12-02 22:02:04,205 INFO org.springframework.scheduling.concurrent.ExecutorConfigurationSupport [restartedMain] Initializing ExecutorService 'applicationTaskExecutor'
2020-12-02 22:02:04,343 INFO org.apache.juli.logging.DirectJDKLog [restartedMain] Starting ProtocolHandler ["http-nio-8080"]
2020-12-02 22:02:04,357 INFO org.springframework.boot.web.embedded.tomcat.TomcatWebServer [restartedMain] Tomcat started on port(s): 8080 (http) with context path ''
2020-12-02 22:02:04,540 INFO org.springframework.boot.StartupInfoLogger [restartedMain] Started ScraperServiceApplication in 2.574 seconds (JVM running for 3.094)
2020-12-02 22:02:04,619 INFO com.mongodb.diagnostics.logging.SLF4JLogger [cluster-ClusterId{value='5fc87f5bd18a6e367357263e', description='null'}-cluster0-shard-00-02.cnexa.mongodb.net:27017] Opened connection [connectionId{localValue:2, serverValue:635854}] to cluster0-shard-00-02.cnexa.mongodb.net:27017
2020-12-02 22:02:04,619 INFO com.mongodb.diagnostics.logging.SLF4JLogger [cluster-ClusterId{value='5fc87f5bd18a6e367357263e', description='null'}-cluster0-shard-00-00.cnexa.mongodb.net:27017] Opened connection [connectionId{localValue:6, serverValue:589642}] to cluster0-shard-00-00.cnexa.mongodb.net:27017
2020-12-02 22:02:04,619 INFO com.mongodb.diagnostics.logging.SLF4JLogger [cluster-ClusterId{value='5fc87f5bd18a6e367357263e', description='null'}-cluster0-shard-00-01.cnexa.mongodb.net:27017] Opened connection [connectionId{localValue:4, serverValue:795654}] to cluster0-shard-00-01.cnexa.mongodb.net:27017
2020-12-02 22:02:04,715 INFO com.mongodb.diagnostics.logging.SLF4JLogger [cluster-ClusterId{value='5fc87f5bd18a6e367357263e', description='null'}-cluster0-shard-00-01.cnexa.mongodb.net:27017] Monitor thread successfully connected to server with description ServerDescription{address=cluster0-shard-00-01.cnexa.mongodb.net:27017, type=REPLICA_SET_PRIMARY, state=CONNECTED, ok=true, minWireVersion=0, maxWireVersion=8, maxDocumentSize=16777216, logicalSessionTimeoutMinutes=30, roundTripTimeNanos=92184683, setName='atlas-13sh2b-shard-0', canonicalAddress=cluster0-shard-00-01.cnexa.mongodb.net:27017, hosts=[cluster0-shard-00-01.cnexa.mongodb.net:27017, cluster0-shard-00-00.cnexa.mongodb.net:27017, cluster0-shard-00-02.cnexa.mongodb.net:27017], passives=[], arbiters=[], primary='cluster0-shard-00-01.cnexa.mongodb.net:27017', tagSet=TagSet{[Tag{name='nodeType', value='ELECTABLE'}, Tag{name='provider', value='AWS'}, Tag{name='region', value='US_EAST_1'}, Tag{name='workloadType', value='OPERATIONAL'}]}, electionId=7fffffff000000000000000b, setVersion=2, lastWriteDate=Wed Dec 02 22:02:04 PST 2020, lastUpdateTimeNanos=724646147428504}
2020-12-02 22:02:04,715 INFO com.mongodb.diagnostics.logging.SLF4JLogger [cluster-ClusterId{value='5fc87f5bd18a6e367357263e', description='null'}-cluster0-shard-00-00.cnexa.mongodb.net:27017] Monitor thread successfully connected to server with description ServerDescription{address=cluster0-shard-00-00.cnexa.mongodb.net:27017, type=REPLICA_SET_SECONDARY, state=CONNECTED, ok=true, minWireVersion=0, maxWireVersion=8, maxDocumentSize=16777216, logicalSessionTimeoutMinutes=30, roundTripTimeNanos=92185333, setName='atlas-13sh2b-shard-0', canonicalAddress=cluster0-shard-00-00.cnexa.mongodb.net:27017, hosts=[cluster0-shard-00-01.cnexa.mongodb.net:27017, cluster0-shard-00-00.cnexa.mongodb.net:27017, cluster0-shard-00-02.cnexa.mongodb.net:27017], passives=[], arbiters=[], primary='cluster0-shard-00-01.cnexa.mongodb.net:27017', tagSet=TagSet{[Tag{name='nodeType', value='ELECTABLE'}, Tag{name='provider', value='AWS'}, Tag{name='region', value='US_EAST_1'}, Tag{name='workloadType', value='OPERATIONAL'}]}, electionId=null, setVersion=2, lastWriteDate=Wed Dec 02 22:02:04 PST 2020, lastUpdateTimeNanos=724646147428215}
2020-12-02 22:02:04,715 INFO com.mongodb.diagnostics.logging.SLF4JLogger [cluster-ClusterId{value='5fc87f5bd18a6e367357263e', description='null'}-cluster0-shard-00-02.cnexa.mongodb.net:27017] Monitor thread successfully connected to server with description ServerDescription{address=cluster0-shard-00-02.cnexa.mongodb.net:27017, type=REPLICA_SET_SECONDARY, state=CONNECTED, ok=true, minWireVersion=0, maxWireVersion=8, maxDocumentSize=16777216, logicalSessionTimeoutMinutes=30, roundTripTimeNanos=91863502, setName='atlas-13sh2b-shard-0', canonicalAddress=cluster0-shard-00-02.cnexa.mongodb.net:27017, hosts=[cluster0-shard-00-01.cnexa.mongodb.net:27017, cluster0-shard-00-00.cnexa.mongodb.net:27017, cluster0-shard-00-02.cnexa.mongodb.net:27017], passives=[], arbiters=[], primary='cluster0-shard-00-01.cnexa.mongodb.net:27017', tagSet=TagSet{[Tag{name='nodeType', value='ELECTABLE'}, Tag{name='provider', value='AWS'}, Tag{name='region', value='US_EAST_1'}, Tag{name='workloadType', value='OPERATIONAL'}]}, electionId=null, setVersion=2, lastWriteDate=Wed Dec 02 22:02:04 PST 2020, lastUpdateTimeNanos=724646147428203}
2020-12-02 22:02:04,717 INFO com.mongodb.diagnostics.logging.SLF4JLogger [cluster-ClusterId{value='5fc87f5bd18a6e367357263e', description='null'}-cluster0-shard-00-01.cnexa.mongodb.net:27017] Setting max election id to 7fffffff000000000000000b from replica set primary cluster0-shard-00-01.cnexa.mongodb.net:27017
2020-12-02 22:02:04,717 INFO com.mongodb.diagnostics.logging.SLF4JLogger [cluster-ClusterId{value='5fc87f5bd18a6e367357263e', description='null'}-cluster0-shard-00-01.cnexa.mongodb.net:27017] Setting max set version to 2 from replica set primary cluster0-shard-00-01.cnexa.mongodb.net:27017
2020-12-02 22:02:04,718 INFO com.mongodb.diagnostics.logging.SLF4JLogger [cluster-ClusterId{value='5fc87f5bd18a6e367357263e', description='null'}-cluster0-shard-00-01.cnexa.mongodb.net:27017] Discovered replica set primary cluster0-shard-00-01.cnexa.mongodb.net:27017
2020-12-02 22:02:04,923 INFO com.mongodb.diagnostics.logging.SLF4JLogger [MaintenanceTimer-2-thread-1] Opened connection [connectionId{localValue:3, serverValue:795655}] to cluster0-shard-00-01.cnexa.mongodb.net:27017
2020-12-02 22:02:04,923 INFO com.mongodb.diagnostics.logging.SLF4JLogger [MaintenanceTimer-3-thread-1] Opened connection [connectionId{localValue:5, serverValue:613263}] to cluster0-shard-00-00.cnexa.mongodb.net:27017
2020-12-02 22:02:04,923 INFO com.mongodb.diagnostics.logging.SLF4JLogger [MaintenanceTimer-1-thread-1] Opened connection [connectionId{localValue:1, serverValue:635854}] to cluster0-shard-00-02.cnexa.mongodb.net:27017
2020-12-02 22:02:05,473 INFO com.mongodb.diagnostics.logging.SLF4JLogger [MaintenanceTimer-3-thread-1] Opened connection [connectionId{localValue:7, serverValue:589642}] to cluster0-shard-00-00.cnexa.mongodb.net:27017
2020-12-02 22:02:05,480 INFO com.mongodb.diagnostics.logging.SLF4JLogger [MaintenanceTimer-2-thread-1] Opened connection [connectionId{localValue:9, serverValue:795654}] to cluster0-shard-00-01.cnexa.mongodb.net:27017
2020-12-02 22:02:05,480 INFO com.mongodb.diagnostics.logging.SLF4JLogger [MaintenanceTimer-1-thread-1] Opened connection [connectionId{localValue:8, serverValue:635854}] to cluster0-shard-00-02.cnexa.mongodb.net:27017
2020-12-02 22:02:21,589 INFO org.apache.juli.logging.DirectJDKLog [http-nio-8080-exec-1] Initializing Spring DispatcherServlet 'dispatcherServlet'
2020-12-02 22:02:21,590 INFO org.springframework.web.servlet.FrameworkServlet [http-nio-8080-exec-1] Initializing Servlet 'dispatcherServlet'
2020-12-02 22:02:21,599 INFO org.springframework.web.servlet.FrameworkServlet [http-nio-8080-exec-1] Completed initialization in 8 ms
2020-12-02 22:02:40,673 INFO org.springframework.scheduling.concurrent.ExecutorConfigurationSupport [SpringContextShutdownHook] Shutting down ExecutorService 'applicationTaskExecutor'
2020-12-02 22:02:40,679 INFO com.mongodb.diagnostics.logging.SLF4JLogger [SpringContextShutdownHook] Closed connection [connectionId{localValue:3, serverValue:795655}] to cluster0-shard-00-01.cnexa.mongodb.net:27017 because the pool has been closed.
2020-12-02 22:02:40,683 INFO com.mongodb.diagnostics.logging.SLF4JLogger [SpringContextShutdownHook] Closed connection [connectionId{localValue:9, serverValue:795654}] to cluster0-shard-00-01.cnexa.mongodb.net:27017 because the pool has been closed.
2020-12-02 22:02:40,685 INFO com.mongodb.diagnostics.logging.SLF4JLogger [SpringContextShutdownHook] Closed connection [connectionId{localValue:5, serverValue:613263}] to cluster0-shard-00-00.cnexa.mongodb.net:27017 because the pool has been closed.
2020-12-02 22:02:40,686 INFO com.mongodb.diagnostics.logging.SLF4JLogger [SpringContextShutdownHook] Closed connection [connectionId{localValue:7, serverValue:589642}] to cluster0-shard-00-00.cnexa.mongodb.net:27017 because the pool has been closed.
2020-12-02 22:02:40,687 INFO com.mongodb.diagnostics.logging.SLF4JLogger [SpringContextShutdownHook] Closed connection [connectionId{localValue:1, serverValue:635854}] to cluster0-shard-00-02.cnexa.mongodb.net:27017 because the pool has been closed.
2020-12-02 22:02:40,688 INFO com.mongodb.diagnostics.logging.SLF4JLogger [SpringContextShutdownHook] Closed connection [connectionId{localValue:8, serverValue:635854}] to cluster0-shard-00-02.cnexa.mongodb.net:27017 because the pool has been closed.
2020-12-02 22:02:44,267 INFO org.springframework.boot.StartupInfoLogger [restartedMain] Starting ScraperServiceApplication on Ujjavals-MBP.hsd1.ca.comcast.net with PID 46390 (/Users/ujjaval/WebstormProjects/scraper/scraper-eventsService/target/classes started by ujjaval in /Users/ujjaval/WebstormProjects/scraper/scraper-eventsService)
2020-12-02 22:02:44,268 INFO org.springframework.boot.SpringApplication [restartedMain] The following profiles are active: prod
2020-12-02 22:02:44,301 INFO org.springframework.boot.logging.DeferredLog [restartedMain] Devtools property defaults active! Set 'spring.devtools.add-properties' to 'false' to disable
2020-12-02 22:02:44,301 INFO org.springframework.boot.logging.DeferredLog [restartedMain] For additional web related logging consider setting the 'logging.level.web' property to 'DEBUG'
2020-12-02 22:02:45,005 INFO org.springframework.data.repository.config.RepositoryConfigurationDelegate [restartedMain] Bootstrapping Spring Data MongoDB repositories in DEFAULT mode.
2020-12-02 22:02:45,052 INFO org.springframework.data.repository.config.RepositoryConfigurationDelegate [restartedMain] Finished Spring Data repository scanning in 41ms. Found 1 MongoDB repository interfaces.
2020-12-02 22:02:45,393 INFO org.springframework.boot.web.embedded.tomcat.TomcatWebServer [restartedMain] Tomcat initialized with port(s): 8080 (http)
2020-12-02 22:02:45,399 INFO org.apache.juli.logging.DirectJDKLog [restartedMain] Initializing ProtocolHandler ["http-nio-8080"]
2020-12-02 22:02:45,399 INFO org.apache.juli.logging.DirectJDKLog [restartedMain] Starting eventsService [Tomcat]
2020-12-02 22:02:45,399 INFO org.apache.juli.logging.DirectJDKLog [restartedMain] Starting Servlet engine: [Apache Tomcat/9.0.35]
2020-12-02 22:02:45,448 INFO org.apache.juli.logging.DirectJDKLog [restartedMain] Initializing Spring embedded WebApplicationContext
2020-12-02 22:02:45,449 INFO org.springframework.boot.web.servlet.context.ServletWebServerApplicationContext [restartedMain] Root WebApplicationContext: initialization completed in 1147 ms
2020-12-02 22:02:45,604 INFO com.mongodb.diagnostics.logging.SLF4JLogger [restartedMain] Cluster created with settings {hosts=[127.0.0.1:27017], srvHost=cluster0.cnexa.mongodb.net, mode=MULTIPLE, requiredClusterType=REPLICA_SET, serverSelectionTimeout='30000 ms', requiredReplicaSetName='atlas-13sh2b-shard-0'}
2020-12-02 22:02:45,656 INFO com.mongodb.diagnostics.logging.SLF4JLogger [cluster-ClusterId{value='5fc87f8523e9153c5598364c', description='null'}-srv-cluster0.cnexa.mongodb.net] Adding discovered server cluster0-shard-00-02.cnexa.mongodb.net:27017 to client view of cluster
2020-12-02 22:02:45,675 INFO com.mongodb.diagnostics.logging.SLF4JLogger [cluster-ClusterId{value='5fc87f8523e9153c5598364c', description='null'}-srv-cluster0.cnexa.mongodb.net] Adding discovered server cluster0-shard-00-01.cnexa.mongodb.net:27017 to client view of cluster
2020-12-02 22:02:45,676 INFO com.mongodb.diagnostics.logging.SLF4JLogger [cluster-ClusterId{value='5fc87f8523e9153c5598364c', description='null'}-srv-cluster0.cnexa.mongodb.net] Adding discovered server cluster0-shard-00-00.cnexa.mongodb.net:27017 to client view of cluster
2020-12-02 22:02:45,822 WARN org.springframework.boot.devtools.autoconfigure.OptionalLiveReloadServer [restartedMain] Unable to start LiveReload server
2020-12-02 22:02:46,202 INFO org.springframework.scheduling.concurrent.ExecutorConfigurationSupport [restartedMain] Initializing ExecutorService 'applicationTaskExecutor'
2020-12-02 22:02:46,217 INFO com.mongodb.diagnostics.logging.SLF4JLogger [cluster-ClusterId{value='5fc87f8523e9153c5598364c', description='null'}-cluster0-shard-00-02.cnexa.mongodb.net:27017] Opened connection [connectionId{localValue:2, serverValue:635854}] to cluster0-shard-00-02.cnexa.mongodb.net:27017
2020-12-02 22:02:46,221 INFO com.mongodb.diagnostics.logging.SLF4JLogger [cluster-ClusterId{value='5fc87f8523e9153c5598364c', description='null'}-cluster0-shard-00-01.cnexa.mongodb.net:27017] Opened connection [connectionId{localValue:4, serverValue:754312}] to cluster0-shard-00-01.cnexa.mongodb.net:27017
2020-12-02 22:02:46,227 INFO com.mongodb.diagnostics.logging.SLF4JLogger [cluster-ClusterId{value='5fc87f8523e9153c5598364c', description='null'}-cluster0-shard-00-00.cnexa.mongodb.net:27017] Opened connection [connectionId{localValue:6, serverValue:613263}] to cluster0-shard-00-00.cnexa.mongodb.net:27017
2020-12-02 22:02:46,335 INFO org.apache.juli.logging.DirectJDKLog [restartedMain] Starting ProtocolHandler ["http-nio-8080"]
2020-12-02 22:02:46,350 INFO org.springframework.boot.web.embedded.tomcat.TomcatWebServer [restartedMain] Tomcat started on port(s): 8080 (http) with context path ''
2020-12-02 22:02:46,352 INFO com.mongodb.diagnostics.logging.SLF4JLogger [cluster-ClusterId{value='5fc87f8523e9153c5598364c', description='null'}-cluster0-shard-00-01.cnexa.mongodb.net:27017] Monitor thread successfully connected to server with description ServerDescription{address=cluster0-shard-00-01.cnexa.mongodb.net:27017, type=REPLICA_SET_PRIMARY, state=CONNECTED, ok=true, minWireVersion=0, maxWireVersion=8, maxDocumentSize=16777216, logicalSessionTimeoutMinutes=30, roundTripTimeNanos=128804512, setName='atlas-13sh2b-shard-0', canonicalAddress=cluster0-shard-00-01.cnexa.mongodb.net:27017, hosts=[cluster0-shard-00-01.cnexa.mongodb.net:27017, cluster0-shard-00-00.cnexa.mongodb.net:27017, cluster0-shard-00-02.cnexa.mongodb.net:27017], passives=[], arbiters=[], primary='cluster0-shard-00-01.cnexa.mongodb.net:27017', tagSet=TagSet{[Tag{name='nodeType', value='ELECTABLE'}, Tag{name='provider', value='AWS'}, Tag{name='region', value='US_EAST_1'}, Tag{name='workloadType', value='OPERATIONAL'}]}, electionId=7fffffff000000000000000b, setVersion=2, lastWriteDate=Wed Dec 02 22:02:46 PST 2020, lastUpdateTimeNanos=724687784286515}
2020-12-02 22:02:46,352 INFO com.mongodb.diagnostics.logging.SLF4JLogger [cluster-ClusterId{value='5fc87f8523e9153c5598364c', description='null'}-cluster0-shard-00-02.cnexa.mongodb.net:27017] Monitor thread successfully connected to server with description ServerDescription{address=cluster0-shard-00-02.cnexa.mongodb.net:27017, type=REPLICA_SET_SECONDARY, state=CONNECTED, ok=true, minWireVersion=0, maxWireVersion=8, maxDocumentSize=16777216, logicalSessionTimeoutMinutes=30, roundTripTimeNanos=133542267, setName='atlas-13sh2b-shard-0', canonicalAddress=cluster0-shard-00-02.cnexa.mongodb.net:27017, hosts=[cluster0-shard-00-01.cnexa.mongodb.net:27017, cluster0-shard-00-00.cnexa.mongodb.net:27017, cluster0-shard-00-02.cnexa.mongodb.net:27017], passives=[], arbiters=[], primary='cluster0-shard-00-01.cnexa.mongodb.net:27017', tagSet=TagSet{[Tag{name='nodeType', value='ELECTABLE'}, Tag{name='provider', value='AWS'}, Tag{name='region', value='US_EAST_1'}, Tag{name='workloadType', value='OPERATIONAL'}]}, electionId=null, setVersion=2, lastWriteDate=Wed Dec 02 22:02:46 PST 2020, lastUpdateTimeNanos=724687785257440}
2020-12-02 22:02:46,353 INFO com.mongodb.diagnostics.logging.SLF4JLogger [cluster-ClusterId{value='5fc87f8523e9153c5598364c', description='null'}-cluster0-shard-00-01.cnexa.mongodb.net:27017] Setting max election id to 7fffffff000000000000000b from replica set primary cluster0-shard-00-01.cnexa.mongodb.net:27017
2020-12-02 22:02:46,353 INFO com.mongodb.diagnostics.logging.SLF4JLogger [cluster-ClusterId{value='5fc87f8523e9153c5598364c', description='null'}-cluster0-shard-00-01.cnexa.mongodb.net:27017] Setting max set version to 2 from replica set primary cluster0-shard-00-01.cnexa.mongodb.net:27017
2020-12-02 22:02:46,353 INFO com.mongodb.diagnostics.logging.SLF4JLogger [cluster-ClusterId{value='5fc87f8523e9153c5598364c', description='null'}-cluster0-shard-00-01.cnexa.mongodb.net:27017] Discovered replica set primary cluster0-shard-00-01.cnexa.mongodb.net:27017
2020-12-02 22:02:46,359 INFO com.mongodb.diagnostics.logging.SLF4JLogger [cluster-ClusterId{value='5fc87f8523e9153c5598364c', description='null'}-cluster0-shard-00-00.cnexa.mongodb.net:27017] Monitor thread successfully connected to server with description ServerDescription{address=cluster0-shard-00-00.cnexa.mongodb.net:27017, type=REPLICA_SET_SECONDARY, state=CONNECTED, ok=true, minWireVersion=0, maxWireVersion=8, maxDocumentSize=16777216, logicalSessionTimeoutMinutes=30, roundTripTimeNanos=131287055, setName='atlas-13sh2b-shard-0', canonicalAddress=cluster0-shard-00-00.cnexa.mongodb.net:27017, hosts=[cluster0-shard-00-01.cnexa.mongodb.net:27017, cluster0-shard-00-00.cnexa.mongodb.net:27017, cluster0-shard-00-02.cnexa.mongodb.net:27017], passives=[], arbiters=[], primary='cluster0-shard-00-01.cnexa.mongodb.net:27017', tagSet=TagSet{[Tag{name='nodeType', value='ELECTABLE'}, Tag{name='provider', value='AWS'}, Tag{name='region', value='US_EAST_1'}, Tag{name='workloadType', value='OPERATIONAL'}]}, electionId=null, setVersion=2, lastWriteDate=Wed Dec 02 22:02:46 PST 2020, lastUpdateTimeNanos=724687792360350}
2020-12-02 22:02:46,520 INFO org.springframework.boot.StartupInfoLogger [restartedMain] Started ScraperServiceApplication in 2.547 seconds (JVM running for 3.1)
2020-12-02 22:02:46,546 INFO com.mongodb.diagnostics.logging.SLF4JLogger [MaintenanceTimer-3-thread-1] Opened connection [connectionId{localValue:5, serverValue:613263}] to cluster0-shard-00-00.cnexa.mongodb.net:27017
2020-12-02 22:02:46,550 INFO com.mongodb.diagnostics.logging.SLF4JLogger [MaintenanceTimer-1-thread-1] Opened connection [connectionId{localValue:1, serverValue:635854}] to cluster0-shard-00-02.cnexa.mongodb.net:27017
2020-12-02 22:02:46,550 INFO com.mongodb.diagnostics.logging.SLF4JLogger [MaintenanceTimer-2-thread-1] Opened connection [connectionId{localValue:3, serverValue:754312}] to cluster0-shard-00-01.cnexa.mongodb.net:27017
2020-12-02 22:02:47,088 INFO com.mongodb.diagnostics.logging.SLF4JLogger [MaintenanceTimer-2-thread-1] Opened connection [connectionId{localValue:9, serverValue:795657}] to cluster0-shard-00-01.cnexa.mongodb.net:27017
2020-12-02 22:02:47,088 INFO com.mongodb.diagnostics.logging.SLF4JLogger [MaintenanceTimer-3-thread-1] Opened connection [connectionId{localValue:7, serverValue:613263}] to cluster0-shard-00-00.cnexa.mongodb.net:27017
2020-12-02 22:02:47,098 INFO com.mongodb.diagnostics.logging.SLF4JLogger [MaintenanceTimer-1-thread-1] Opened connection [connectionId{localValue:8, serverValue:621133}] to cluster0-shard-00-02.cnexa.mongodb.net:27017
2020-12-02 22:02:59,290 INFO org.springframework.scheduling.concurrent.ExecutorConfigurationSupport [SpringContextShutdownHook] Shutting down ExecutorService 'applicationTaskExecutor'
2020-12-02 22:02:59,294 INFO com.mongodb.diagnostics.logging.SLF4JLogger [SpringContextShutdownHook] Closed connection [connectionId{localValue:3, serverValue:754312}] to cluster0-shard-00-01.cnexa.mongodb.net:27017 because the pool has been closed.
2020-12-02 22:02:59,296 INFO com.mongodb.diagnostics.logging.SLF4JLogger [SpringContextShutdownHook] Closed connection [connectionId{localValue:9, serverValue:795657}] to cluster0-shard-00-01.cnexa.mongodb.net:27017 because the pool has been closed.
2020-12-02 22:02:59,298 INFO com.mongodb.diagnostics.logging.SLF4JLogger [SpringContextShutdownHook] Closed connection [connectionId{localValue:5, serverValue:613263}] to cluster0-shard-00-00.cnexa.mongodb.net:27017 because the pool has been closed.
2020-12-02 22:02:59,299 INFO com.mongodb.diagnostics.logging.SLF4JLogger [SpringContextShutdownHook] Closed connection [connectionId{localValue:7, serverValue:613263}] to cluster0-shard-00-00.cnexa.mongodb.net:27017 because the pool has been closed.
2020-12-02 22:02:59,300 INFO com.mongodb.diagnostics.logging.SLF4JLogger [SpringContextShutdownHook] Closed connection [connectionId{localValue:1, serverValue:635854}] to cluster0-shard-00-02.cnexa.mongodb.net:27017 because the pool has been closed.
2020-12-02 22:02:59,300 INFO com.mongodb.diagnostics.logging.SLF4JLogger [SpringContextShutdownHook] Closed connection [connectionId{localValue:8, serverValue:621133}] to cluster0-shard-00-02.cnexa.mongodb.net:27017 because the pool has been closed.
2020-12-02 22:03:02,780 INFO org.springframework.boot.StartupInfoLogger [restartedMain] Starting ScraperServiceApplication on Ujjavals-MBP.hsd1.ca.comcast.net with PID 46393 (/Users/ujjaval/WebstormProjects/scraper/scraper-eventsService/target/classes started by ujjaval in /Users/ujjaval/WebstormProjects/scraper/scraper-eventsService)
2020-12-02 22:03:02,781 INFO org.springframework.boot.SpringApplication [restartedMain] The following profiles are active: prod
2020-12-02 22:03:02,810 INFO org.springframework.boot.logging.DeferredLog [restartedMain] Devtools property defaults active! Set 'spring.devtools.add-properties' to 'false' to disable
2020-12-02 22:03:02,810 INFO org.springframework.boot.logging.DeferredLog [restartedMain] For additional web related logging consider setting the 'logging.level.web' property to 'DEBUG'
2020-12-02 22:03:03,455 INFO org.springframework.data.repository.config.RepositoryConfigurationDelegate [restartedMain] Bootstrapping Spring Data MongoDB repositories in DEFAULT mode.
2020-12-02 22:03:03,488 INFO org.springframework.data.repository.config.RepositoryConfigurationDelegate [restartedMain] Finished Spring Data repository scanning in 29ms. Found 1 MongoDB repository interfaces.
2020-12-02 22:03:03,785 INFO org.springframework.boot.web.embedded.tomcat.TomcatWebServer [restartedMain] Tomcat initialized with port(s): 8080 (http)
2020-12-02 22:03:03,789 INFO org.apache.juli.logging.DirectJDKLog [restartedMain] Initializing ProtocolHandler ["http-nio-8080"]
2020-12-02 22:03:03,790 INFO org.apache.juli.logging.DirectJDKLog [restartedMain] Starting eventsService [Tomcat]
2020-12-02 22:03:03,790 INFO org.apache.juli.logging.DirectJDKLog [restartedMain] Starting Servlet engine: [Apache Tomcat/9.0.35]
2020-12-02 22:03:03,831 INFO org.apache.juli.logging.DirectJDKLog [restartedMain] Initializing Spring embedded WebApplicationContext
2020-12-02 22:03:03,831 INFO org.springframework.boot.web.servlet.context.ServletWebServerApplicationContext [restartedMain] Root WebApplicationContext: initialization completed in 1021 ms
2020-12-02 22:03:03,952 INFO com.mongodb.diagnostics.logging.SLF4JLogger [restartedMain] Cluster created with settings {hosts=[127.0.0.1:27017], srvHost=cluster0.cnexa.mongodb.net, mode=MULTIPLE, requiredClusterType=REPLICA_SET, serverSelectionTimeout='30000 ms', requiredReplicaSetName='atlas-13sh2b-shard-0'}
2020-12-02 22:03:04,011 INFO com.mongodb.diagnostics.logging.SLF4JLogger [cluster-ClusterId{value='5fc87f977923b20a91de46f3', description='null'}-srv-cluster0.cnexa.mongodb.net] Adding discovered server cluster0-shard-00-02.cnexa.mongodb.net:27017 to client view of cluster
2020-12-02 22:03:04,029 INFO com.mongodb.diagnostics.logging.SLF4JLogger [cluster-ClusterId{value='5fc87f977923b20a91de46f3', description='null'}-srv-cluster0.cnexa.mongodb.net] Adding discovered server cluster0-shard-00-01.cnexa.mongodb.net:27017 to client view of cluster
2020-12-02 22:03:04,030 INFO com.mongodb.diagnostics.logging.SLF4JLogger [cluster-ClusterId{value='5fc87f977923b20a91de46f3', description='null'}-srv-cluster0.cnexa.mongodb.net] Adding discovered server cluster0-shard-00-00.cnexa.mongodb.net:27017 to client view of cluster
2020-12-02 22:03:04,129 WARN org.springframework.boot.devtools.autoconfigure.OptionalLiveReloadServer [restartedMain] Unable to start LiveReload server
2020-12-02 22:03:04,460 INFO org.springframework.scheduling.concurrent.ExecutorConfigurationSupport [restartedMain] Initializing ExecutorService 'applicationTaskExecutor'
2020-12-02 22:03:04,529 INFO com.mongodb.diagnostics.logging.SLF4JLogger [cluster-ClusterId{value='5fc87f977923b20a91de46f3', description='null'}-cluster0-shard-00-00.cnexa.mongodb.net:27017] Opened connection [connectionId{localValue:6, serverValue:613263}] to cluster0-shard-00-00.cnexa.mongodb.net:27017
2020-12-02 22:03:04,529 INFO com.mongodb.diagnostics.logging.SLF4JLogger [cluster-ClusterId{value='5fc87f977923b20a91de46f3', description='null'}-cluster0-shard-00-01.cnexa.mongodb.net:27017] Opened connection [connectionId{localValue:4, serverValue:795654}] to cluster0-shard-00-01.cnexa.mongodb.net:27017
2020-12-02 22:03:04,529 INFO com.mongodb.diagnostics.logging.SLF4JLogger [cluster-ClusterId{value='5fc87f977923b20a91de46f3', description='null'}-cluster0-shard-00-02.cnexa.mongodb.net:27017] Opened connection [connectionId{localValue:2, serverValue:628128}] to cluster0-shard-00-02.cnexa.mongodb.net:27017
2020-12-02 22:03:04,575 INFO org.apache.juli.logging.DirectJDKLog [restartedMain] Starting ProtocolHandler ["http-nio-8080"]
2020-12-02 22:03:04,589 INFO org.springframework.boot.web.embedded.tomcat.TomcatWebServer [restartedMain] Tomcat started on port(s): 8080 (http) with context path ''
2020-12-02 22:03:04,617 INFO com.mongodb.diagnostics.logging.SLF4JLogger [cluster-ClusterId{value='5fc87f977923b20a91de46f3', description='null'}-cluster0-shard-00-02.cnexa.mongodb.net:27017] Monitor thread successfully connected to server with description ServerDescription{address=cluster0-shard-00-02.cnexa.mongodb.net:27017, type=REPLICA_SET_SECONDARY, state=CONNECTED, ok=true, minWireVersion=0, maxWireVersion=8, maxDocumentSize=16777216, logicalSessionTimeoutMinutes=30, roundTripTimeNanos=86893528, setName='atlas-13sh2b-shard-0', canonicalAddress=cluster0-shard-00-02.cnexa.mongodb.net:27017, hosts=[cluster0-shard-00-01.cnexa.mongodb.net:27017, cluster0-shard-00-00.cnexa.mongodb.net:27017, cluster0-shard-00-02.cnexa.mongodb.net:27017], passives=[], arbiters=[], primary='cluster0-shard-00-01.cnexa.mongodb.net:27017', tagSet=TagSet{[Tag{name='nodeType', value='ELECTABLE'}, Tag{name='provider', value='AWS'}, Tag{name='region', value='US_EAST_1'}, Tag{name='workloadType', value='OPERATIONAL'}]}, electionId=null, setVersion=2, lastWriteDate=Wed Dec 02 22:03:03 PST 2020, lastUpdateTimeNanos=724706050041640}
2020-12-02 22:03:04,622 INFO com.mongodb.diagnostics.logging.SLF4JLogger [cluster-ClusterId{value='5fc87f977923b20a91de46f3', description='null'}-cluster0-shard-00-00.cnexa.mongodb.net:27017] Monitor thread successfully connected to server with description ServerDescription{address=cluster0-shard-00-00.cnexa.mongodb.net:27017, type=REPLICA_SET_SECONDARY, state=CONNECTED, ok=true, minWireVersion=0, maxWireVersion=8, maxDocumentSize=16777216, logicalSessionTimeoutMinutes=30, roundTripTimeNanos=92777208, setName='atlas-13sh2b-shard-0', canonicalAddress=cluster0-shard-00-00.cnexa.mongodb.net:27017, hosts=[cluster0-shard-00-01.cnexa.mongodb.net:27017, cluster0-shard-00-00.cnexa.mongodb.net:27017, cluster0-shard-00-02.cnexa.mongodb.net:27017], passives=[], arbiters=[], primary='cluster0-shard-00-01.cnexa.mongodb.net:27017', tagSet=TagSet{[Tag{name='nodeType', value='ELECTABLE'}, Tag{name='provider', value='AWS'}, Tag{name='region', value='US_EAST_1'}, Tag{name='workloadType', value='OPERATIONAL'}]}, electionId=null, setVersion=2, lastWriteDate=Wed Dec 02 22:03:03 PST 2020, lastUpdateTimeNanos=724706055639353}
2020-12-02 22:03:04,623 INFO com.mongodb.diagnostics.logging.SLF4JLogger [cluster-ClusterId{value='5fc87f977923b20a91de46f3', description='null'}-cluster0-shard-00-01.cnexa.mongodb.net:27017] Monitor thread successfully connected to server with description ServerDescription{address=cluster0-shard-00-01.cnexa.mongodb.net:27017, type=REPLICA_SET_PRIMARY, state=CONNECTED, ok=true, minWireVersion=0, maxWireVersion=8, maxDocumentSize=16777216, logicalSessionTimeoutMinutes=30, roundTripTimeNanos=93535759, setName='atlas-13sh2b-shard-0', canonicalAddress=cluster0-shard-00-01.cnexa.mongodb.net:27017, hosts=[cluster0-shard-00-01.cnexa.mongodb.net:27017, cluster0-shard-00-00.cnexa.mongodb.net:27017, cluster0-shard-00-02.cnexa.mongodb.net:27017], passives=[], arbiters=[], primary='cluster0-shard-00-01.cnexa.mongodb.net:27017', tagSet=TagSet{[Tag{name='nodeType', value='ELECTABLE'}, Tag{name='provider', value='AWS'}, Tag{name='region', value='US_EAST_1'}, Tag{name='workloadType', value='OPERATIONAL'}]}, electionId=7fffffff000000000000000b, setVersion=2, lastWriteDate=Wed Dec 02 22:03:03 PST 2020, lastUpdateTimeNanos=724706056397550}
2020-12-02 22:03:04,623 INFO com.mongodb.diagnostics.logging.SLF4JLogger [cluster-ClusterId{value='5fc87f977923b20a91de46f3', description='null'}-cluster0-shard-00-01.cnexa.mongodb.net:27017] Setting max election id to 7fffffff000000000000000b from replica set primary cluster0-shard-00-01.cnexa.mongodb.net:27017
2020-12-02 22:03:04,623 INFO com.mongodb.diagnostics.logging.SLF4JLogger [cluster-ClusterId{value='5fc87f977923b20a91de46f3', description='null'}-cluster0-shard-00-01.cnexa.mongodb.net:27017] Setting max set version to 2 from replica set primary cluster0-shard-00-01.cnexa.mongodb.net:27017
2020-12-02 22:03:04,624 INFO com.mongodb.diagnostics.logging.SLF4JLogger [cluster-ClusterId{value='5fc87f977923b20a91de46f3', description='null'}-cluster0-shard-00-01.cnexa.mongodb.net:27017] Discovered replica set primary cluster0-shard-00-01.cnexa.mongodb.net:27017
2020-12-02 22:03:04,743 INFO org.springframework.boot.StartupInfoLogger [restartedMain] Started ScraperServiceApplication in 2.234 seconds (JVM running for 2.759)
2020-12-02 22:03:04,816 INFO com.mongodb.diagnostics.logging.SLF4JLogger [MaintenanceTimer-3-thread-1] Opened connection [connectionId{localValue:5, serverValue:613263}] to cluster0-shard-00-00.cnexa.mongodb.net:27017
2020-12-02 22:03:04,820 INFO com.mongodb.diagnostics.logging.SLF4JLogger [MaintenanceTimer-1-thread-1] Opened connection [connectionId{localValue:1, serverValue:621133}] to cluster0-shard-00-02.cnexa.mongodb.net:27017
2020-12-02 22:03:04,820 INFO com.mongodb.diagnostics.logging.SLF4JLogger [MaintenanceTimer-2-thread-1] Opened connection [connectionId{localValue:3, serverValue:754312}] to cluster0-shard-00-01.cnexa.mongodb.net:27017
2020-12-02 22:03:05,371 INFO com.mongodb.diagnostics.logging.SLF4JLogger [MaintenanceTimer-2-thread-1] Opened connection [connectionId{localValue:9, serverValue:795656}] to cluster0-shard-00-01.cnexa.mongodb.net:27017
2020-12-02 22:03:05,371 INFO com.mongodb.diagnostics.logging.SLF4JLogger [MaintenanceTimer-1-thread-1] Opened connection [connectionId{localValue:8, serverValue:621133}] to cluster0-shard-00-02.cnexa.mongodb.net:27017
2020-12-02 22:03:05,371 INFO com.mongodb.diagnostics.logging.SLF4JLogger [MaintenanceTimer-3-thread-1] Opened connection [connectionId{localValue:7, serverValue:613263}] to cluster0-shard-00-00.cnexa.mongodb.net:27017
2020-12-02 22:03:11,334 INFO org.apache.juli.logging.DirectJDKLog [http-nio-8080-exec-1] Initializing Spring DispatcherServlet 'dispatcherServlet'
2020-12-02 22:03:11,335 INFO org.springframework.web.servlet.FrameworkServlet [http-nio-8080-exec-1] Initializing Servlet 'dispatcherServlet'
2020-12-02 22:03:11,340 INFO org.springframework.web.servlet.FrameworkServlet [http-nio-8080-exec-1] Completed initialization in 5 ms
2020-12-02 22:03:17,371 INFO org.springframework.scheduling.concurrent.ExecutorConfigurationSupport [SpringContextShutdownHook] Shutting down ExecutorService 'applicationTaskExecutor'
2020-12-02 22:03:17,470 INFO com.mongodb.diagnostics.logging.SLF4JLogger [SpringContextShutdownHook] Closed connection [connectionId{localValue:3, serverValue:754312}] to cluster0-shard-00-01.cnexa.mongodb.net:27017 because the pool has been closed.
2020-12-02 22:03:17,478 INFO com.mongodb.diagnostics.logging.SLF4JLogger [SpringContextShutdownHook] Closed connection [connectionId{localValue:9, serverValue:795656}] to cluster0-shard-00-01.cnexa.mongodb.net:27017 because the pool has been closed.
2020-12-02 22:03:17,482 INFO com.mongodb.diagnostics.logging.SLF4JLogger [SpringContextShutdownHook] Closed connection [connectionId{localValue:5, serverValue:613263}] to cluster0-shard-00-00.cnexa.mongodb.net:27017 because the pool has been closed.
2020-12-02 22:03:17,484 INFO com.mongodb.diagnostics.logging.SLF4JLogger [SpringContextShutdownHook] Closed connection [connectionId{localValue:7, serverValue:613263}] to cluster0-shard-00-00.cnexa.mongodb.net:27017 because the pool has been closed.
2020-12-02 22:03:17,486 INFO com.mongodb.diagnostics.logging.SLF4JLogger [SpringContextShutdownHook] Closed connection [connectionId{localValue:1, serverValue:621133}] to cluster0-shard-00-02.cnexa.mongodb.net:27017 because the pool has been closed.
2020-12-02 22:03:17,487 INFO com.mongodb.diagnostics.logging.SLF4JLogger [SpringContextShutdownHook] Closed connection [connectionId{localValue:8, serverValue:621133}] to cluster0-shard-00-02.cnexa.mongodb.net:27017 because the pool has been closed.
